<?xml version="1.0" encoding="UTF-8"?>
<!-- Generated by org.testng.reporters.JUnitReportReporter -->
<testsuite skipped="4" hostname="LAPTOP-6OEIG7PG" name="day1.ContactsList" tests="12" failures="0" timestamp="2021-10-11T10:05:23 IST" time="8.596" errors="0">
  <testcase name="addingInvalidEmailId" time="0.632" classname="day1.ContactsList"/>
  <system-out/>
  <testcase name="getSpecificContact3" time="0.620" classname="day1.ContactsList"/>
  <system-out/>
  <testcase name="deleteRecord" time="0.641" classname="day1.ContactsList"/>
  <system-out/>
  <testcase name="UpdatingContact" time="0.656" classname="day1.ContactsList"/>
  <system-out/>
  <testcase name="addingInvalidFirstName" time="0.680" classname="day1.ContactsList"/>
  <system-out/>
  <testcase name="addingContactBigSize" time="0.653" classname="day1.ContactsList"/>
  <system-out/>
  <testcase name="addingContact" time="4.083" classname="day1.ContactsList"/>
  <system-out/>
  <testcase name="getSpecificContact4" time="0.631" classname="day1.ContactsList"/>
  <system-out/>
  <testcase name="getContactListInfo" classname="day1.ContactsList">
    <skipped/>
  </testcase> <!-- getContactListInfo -->
  <system-out/>
  <testcase name="getSpecificContact" classname="day1.ContactsList">
    <skipped/>
  </testcase> <!-- getSpecificContact -->
  <system-out/>
  <testcase name="addingContactMissing" classname="day1.ContactsList">
    <skipped/>
  </testcase> <!-- addingContactMissing -->
  <system-out/>
  <testcase name="getSpecificContact2" classname="day1.ContactsList">
    <skipped/>
  </testcase> <!-- getSpecificContact2 -->
  <system-out/>
</testsuite> <!-- day1.ContactsList -->
