<?xml version="1.0" encoding="UTF-8"?>
<!-- Generated by org.testng.reporters.JUnitReportReporter -->
<testsuite skipped="0" hostname="LAPTOP-6OEIG7PG" name="day1.WeatherAPI" tests="4" failures="0" timestamp="2021-10-08T09:40:19 IST" time="7.342" errors="0">
  <testcase name="getWeather" time="5.477" classname="day1.WeatherAPI"/>
  <system-out/>
  <testcase name="getWeather4" time="0.628" classname="day1.WeatherAPI"/>
  <system-out/>
  <testcase name="getWeather2" time="0.543" classname="day1.WeatherAPI"/>
  <system-out/>
  <testcase name="getWeather3" time="0.694" classname="day1.WeatherAPI"/>
  <system-out/>
</testsuite> <!-- day1.WeatherAPI -->
