<?xml version="1.0" encoding="UTF-8"?>
<!-- Generated by org.testng.reporters.JUnitReportReporter -->
<testsuite skipped="1" hostname="LAPTOP-6OEIG7PG" name="day1.gitHub" tests="2" failures="0" timestamp="2021-10-08T15:26:58 IST" time="3.727" errors="0">
  <testcase name="createRepo" time="3.727" classname="day1.gitHub"/>
  <system-out/>
  <testcase name="gettingAllRepo" classname="day1.gitHub">
    <skipped/>
  </testcase> <!-- gettingAllRepo -->
  <system-out/>
</testsuite> <!-- day1.gitHub -->
